<?xml version="1.0" encoding="UTF-8"?>
<testng-results ignored="0" total="1" passed="1" failed="0" skipped="0">
  <reporter-output>
  </reporter-output>
  <suite started-at="2022-10-07T20:45:37Z" name="Default suite" finished-at="2022-10-07T20:45:37Z" duration-ms="32">
    <groups>
    </groups>
    <test started-at="2022-10-07T20:45:37Z" name="Default test" finished-at="2022-10-07T20:45:37Z" duration-ms="32">
      <class name="Test.testing2">
        <test-method signature="validateTitles()[pri:0, instance:Test.testing2@2d710f1a]" started-at="2022-10-07T20:45:37Z" name="validateTitles" finished-at="2022-10-07T20:45:37Z" duration-ms="18" status="PASS">
          <reporter-output>
          </reporter-output>
        </test-method> <!-- validateTitles -->
      </class> <!-- Test.testing2 -->
    </test> <!-- Default test -->
  </suite> <!-- Default suite -->
</testng-results>
